Compiling graph generator.
Compiling reduction to Edmonds-Karp algorithm.
Compiling Hocroft-Karp algorithm.
@
@
@
Algorithm: Hopcroft-Karp
Running with seed: 1
Total Vertices: 200000
Total Edges: 400000.00000
Density: 0.00001
Running Hocroft-Karp
iteration 0 ended after 0.0197657 seconds with 12307 matchings.
iteration 1 ended after 0.0137053 seconds with 12353 matchings.
Algorithm ended after: 2 iterations. 
Elapsed time: 0.0477996 seconds. 
Total augmentations: 2
Total matchings: 12353 matchings.
Total augmenting paths: 12353
Maximum size augmenting path: 4
BFS calls: 3
BFS operations: 0
DFS calls: 275340
DFS operations: 275386
@
@
@
Algorithm: Hopcroft-Karp
Running with seed: 100
Total Vertices: 200000
Total Edges: 400000.00000
Density: 0.00001
Running Hocroft-Karp
iteration 0 ended after 0.0229609 seconds with 12351 matchings.
iteration 1 ended after 0.0139483 seconds with 12403 matchings.
iteration 2 ended after 0.0141146 seconds with 12404 matchings.
Algorithm ended after: 3 iterations. 
Elapsed time: 0.0655662 seconds. 
Total augmentations: 3
Total matchings: 12404 matchings.
Total augmenting paths: 12404
Maximum size augmenting path: 6
BFS calls: 4
BFS operations: 0
DFS calls: 362842
DFS operations: 362896
@
@
@
Algorithm: Hopcroft-Karp
Running with seed: 1000
Total Vertices: 200000
Total Edges: 400000.00000
Density: 0.00001
Running Hocroft-Karp
iteration 0 ended after 0.0204396 seconds with 12414 matchings.
iteration 1 ended after 0.0140439 seconds with 12460 matchings.
Algorithm ended after: 2 iterations. 
Elapsed time: 0.049454 seconds. 
Total augmentations: 2
Total matchings: 12460 matchings.
Total augmenting paths: 12460
Maximum size augmenting path: 4
BFS calls: 3
BFS operations: 0
DFS calls: 275126
DFS operations: 275172
@
@
@
Algorithm: Hopcroft-Karp
Running with seed: 2
Total Vertices: 200000
Total Edges: 400000.00000
Density: 0.00001
Running Hocroft-Karp
iteration 0 ended after 0.0215927 seconds with 12320 matchings.
iteration 1 ended after 0.0139827 seconds with 12367 matchings.
Algorithm ended after: 2 iterations. 
Elapsed time: 0.0500452 seconds. 
Total augmentations: 2
Total matchings: 12367 matchings.
Total augmenting paths: 12367
Maximum size augmenting path: 4
BFS calls: 3
BFS operations: 0
DFS calls: 275313
DFS operations: 275360
@
@
@
Algorithm: Hopcroft-Karp
Running with seed: 200
Total Vertices: 200000
Total Edges: 400000.00000
Density: 0.00001
Running Hocroft-Karp
iteration 0 ended after 0.021981 seconds with 12377 matchings.
iteration 1 ended after 0.0137277 seconds with 12416 matchings.
Algorithm ended after: 2 iterations. 
Elapsed time: 0.0507027 seconds. 
Total augmentations: 2
Total matchings: 12416 matchings.
Total augmenting paths: 12416
Maximum size augmenting path: 4
BFS calls: 3
BFS operations: 0
DFS calls: 275207
DFS operations: 275246
@
@
@
Algorithm: Hopcroft-Karp
Running with seed: 2000
Total Vertices: 200000
Total Edges: 400000.00000
Density: 0.00001
Running Hocroft-Karp
iteration 0 ended after 0.0216666 seconds with 12339 matchings.
iteration 1 ended after 0.0136356 seconds with 12388 matchings.
Algorithm ended after: 2 iterations. 
Elapsed time: 0.0497924 seconds. 
Total augmentations: 2
Total matchings: 12388 matchings.
Total augmenting paths: 12388
Maximum size augmenting path: 4
BFS calls: 3
BFS operations: 0
DFS calls: 275273
DFS operations: 275322
@
@
@
Algorithm: Hopcroft-Karp
Running with seed: 123
Total Vertices: 200000
Total Edges: 400000.00000
Density: 0.00001
Running Hocroft-Karp
iteration 0 ended after 0.0215536 seconds with 12393 matchings.
iteration 1 ended after 0.0146061 seconds with 12443 matchings.
Algorithm ended after: 2 iterations. 
Elapsed time: 0.0503664 seconds. 
Total augmentations: 2
Total matchings: 12443 matchings.
Total augmenting paths: 12443
Maximum size augmenting path: 4
BFS calls: 3
BFS operations: 0
DFS calls: 275164
DFS operations: 275214
@
@
@
Algorithm: Hopcroft-Karp
Running with seed: 1234
Total Vertices: 200000
Total Edges: 400000.00000
Density: 0.00001
Running Hocroft-Karp
iteration 0 ended after 0.0215021 seconds with 12358 matchings.
iteration 1 ended after 0.0141718 seconds with 12399 matchings.
Algorithm ended after: 2 iterations. 
Elapsed time: 0.0500808 seconds. 
Total augmentations: 2
Total matchings: 12399 matchings.
Total augmenting paths: 12399
Maximum size augmenting path: 4
BFS calls: 3
BFS operations: 0
DFS calls: 275243
DFS operations: 275284
@
@
@
Algorithm: Hopcroft-Karp
Running with seed: 12345
Total Vertices: 200000
Total Edges: 400000.00000
Density: 0.00001
Running Hocroft-Karp
iteration 0 ended after 0.0214565 seconds with 12379 matchings.
iteration 1 ended after 0.0141466 seconds with 12421 matchings.
Algorithm ended after: 2 iterations. 
Elapsed time: 0.0497284 seconds. 
Total augmentations: 2
Total matchings: 12421 matchings.
Total augmenting paths: 12421
Maximum size augmenting path: 4
BFS calls: 3
BFS operations: 0
DFS calls: 275200
DFS operations: 275242
@
@
@
Algorithm: Hopcroft-Karp
Running with seed: 123456
Total Vertices: 200000
Total Edges: 400000.00000
Density: 0.00001
Running Hocroft-Karp
iteration 0 ended after 0.0212762 seconds with 12306 matchings.
iteration 1 ended after 0.0139913 seconds with 12347 matchings.
iteration 2 ended after 0.013499 seconds with 12348 matchings.
Algorithm ended after: 3 iterations. 
Elapsed time: 0.0634065 seconds. 
Total augmentations: 3
Total matchings: 12348 matchings.
Total augmenting paths: 12348
Maximum size augmenting path: 6
BFS calls: 4
BFS operations: 0
DFS calls: 362999
DFS operations: 363042
@
@
@
Algorithm: Hopcroft-Karp
Running with seed: 1
Total Vertices: 200000
Total Edges: 800000.00000
Density: 0.00002
Running Hocroft-Karp
iteration 0 ended after 0.0245372 seconds with 22061 matchings.
iteration 1 ended after 0.0141141 seconds with 22313 matchings.
iteration 2 ended after 0.0138232 seconds with 22321 matchings.
iteration 3 ended after 0.0142187 seconds with 22322 matchings.
Algorithm ended after: 4 iterations. 
Elapsed time: 0.0827577 seconds. 
Total augmentations: 4
Total matchings: 22322 matchings.
Total augmenting paths: 22322
Maximum size augmenting path: 10
BFS calls: 5
BFS operations: 0
DFS calls: 410983
DFS operations: 411255
@
@
@
Algorithm: Hopcroft-Karp
Running with seed: 100
Total Vertices: 200000
Total Edges: 800000.00000
Density: 0.00002
Running Hocroft-Karp
iteration 0 ended after 0.0235796 seconds with 22038 matchings.
iteration 1 ended after 0.0146017 seconds with 22286 matchings.
iteration 2 ended after 0.0133793 seconds with 22294 matchings.
Algorithm ended after: 3 iterations. 
Elapsed time: 0.0670683 seconds. 
Total augmentations: 3
Total matchings: 22294 matchings.
Total augmenting paths: 22294
Maximum size augmenting path: 6
BFS calls: 4
BFS operations: 0
DFS calls: 333382
DFS operations: 333647
@
@
@
Algorithm: Hopcroft-Karp
Running with seed: 1000
Total Vertices: 200000
Total Edges: 800000.00000
Density: 0.00002
Running Hocroft-Karp
iteration 0 ended after 0.0243375 seconds with 22124 matchings.
iteration 1 ended after 0.0146711 seconds with 22359 matchings.
iteration 2 ended after 0.0138203 seconds with 22370 matchings.
Algorithm ended after: 3 iterations. 
Elapsed time: 0.0682796 seconds. 
Total augmentations: 3
Total matchings: 22370 matchings.
Total augmenting paths: 22370
Maximum size augmenting path: 6
BFS calls: 4
BFS operations: 0
DFS calls: 333147
DFS operations: 333405
@
@
@
Algorithm: Hopcroft-Karp
Running with seed: 2
Total Vertices: 200000
Total Edges: 800000.00000
Density: 0.00002
Running Hocroft-Karp
iteration 0 ended after 0.023704 seconds with 22083 matchings.
iteration 1 ended after 0.0146754 seconds with 22321 matchings.
iteration 2 ended after 0.0141573 seconds with 22328 matchings.
Algorithm ended after: 3 iterations. 
Elapsed time: 0.0689139 seconds. 
Total augmentations: 3
Total matchings: 22328 matchings.
Total augmenting paths: 22328
Maximum size augmenting path: 6
BFS calls: 4
BFS operations: 0
DFS calls: 333268
DFS operations: 333521
@
@
@
Algorithm: Hopcroft-Karp
Running with seed: 200
Total Vertices: 200000
Total Edges: 800000.00000
Density: 0.00002
Running Hocroft-Karp
iteration 0 ended after 0.0256305 seconds with 22047 matchings.
iteration 1 ended after 0.0168218 seconds with 22300 matchings.
iteration 2 ended after 0.0162577 seconds with 22310 matchings.
Algorithm ended after: 3 iterations. 
Elapsed time: 0.0757845 seconds. 
Total augmentations: 3
Total matchings: 22310 matchings.
Total augmenting paths: 22310
Maximum size augmenting path: 6
BFS calls: 4
BFS operations: 0
DFS calls: 333343
DFS operations: 333616
@
@
@
Algorithm: Hopcroft-Karp
Running with seed: 2000
Total Vertices: 200000
Total Edges: 800000.00000
Density: 0.00002
Running Hocroft-Karp
iteration 0 ended after 0.0249794 seconds with 22060 matchings.
iteration 1 ended after 0.0147722 seconds with 22338 matchings.
iteration 2 ended after 0.0143571 seconds with 22342 matchings.
iteration 3 ended after 0.0136896 seconds with 22343 matchings.
Algorithm ended after: 4 iterations. 
Elapsed time: 0.0844016 seconds. 
Total augmentations: 4
Total matchings: 22343 matchings.
Total augmenting paths: 22343
Maximum size augmenting path: 8
BFS calls: 5
BFS operations: 0
DFS calls: 410917
DFS operations: 411206
@
@
@
Algorithm: Hopcroft-Karp
Running with seed: 123
Total Vertices: 200000
Total Edges: 800000.00000
Density: 0.00002
Running Hocroft-Karp
iteration 0 ended after 0.0266391 seconds with 22049 matchings.
iteration 1 ended after 0.0143561 seconds with 22318 matchings.
iteration 2 ended after 0.0142569 seconds with 22322 matchings.
Algorithm ended after: 3 iterations. 
Elapsed time: 0.0720238 seconds. 
Total augmentations: 3
Total matchings: 22322 matchings.
Total augmenting paths: 22322
Maximum size augmenting path: 6
BFS calls: 4
BFS operations: 0
DFS calls: 333311
DFS operations: 333588
@
@
@
Algorithm: Hopcroft-Karp
Running with seed: 1234
Total Vertices: 200000
Total Edges: 800000.00000
Density: 0.00002
Running Hocroft-Karp
iteration 0 ended after 0.0246239 seconds with 22115 matchings.
iteration 1 ended after 0.0152406 seconds with 22357 matchings.
iteration 2 ended after 0.014395 seconds with 22361 matchings.
iteration 3 ended after 0.0147541 seconds with 22362 matchings.
Algorithm ended after: 4 iterations. 
Elapsed time: 0.0850046 seconds. 
Total augmentations: 4
Total matchings: 22362 matchings.
Total augmenting paths: 22362
Maximum size augmenting path: 8
BFS calls: 5
BFS operations: 0
DFS calls: 410805
DFS operations: 411058
@
@
@
Algorithm: Hopcroft-Karp
Running with seed: 12345
Total Vertices: 200000
Total Edges: 800000.00000
Density: 0.00002
Running Hocroft-Karp
iteration 0 ended after 0.0239419 seconds with 22188 matchings.
iteration 1 ended after 0.0150296 seconds with 22455 matchings.
iteration 2 ended after 0.013374 seconds with 22461 matchings.
Algorithm ended after: 3 iterations. 
Elapsed time: 0.0677638 seconds. 
Total augmentations: 3
Total matchings: 22461 matchings.
Total augmenting paths: 22461
Maximum size augmenting path: 6
BFS calls: 4
BFS operations: 0
DFS calls: 332896
DFS operations: 333175
@
@
@
Algorithm: Hopcroft-Karp
Running with seed: 123456
Total Vertices: 200000
Total Edges: 800000.00000
Density: 0.00002
Running Hocroft-Karp
iteration 0 ended after 0.0265874 seconds with 22075 matchings.
iteration 1 ended after 0.0150553 seconds with 22336 matchings.
iteration 2 ended after 0.0136746 seconds with 22348 matchings.
iteration 3 ended after 0.0148936 seconds with 22349 matchings.
Algorithm ended after: 4 iterations. 
Elapsed time: 0.0883909 seconds. 
Total augmentations: 4
Total matchings: 22349 matchings.
Total augmenting paths: 22349
Maximum size augmenting path: 8
BFS calls: 5
BFS operations: 0
DFS calls: 410892
DFS operations: 411181
@
@
@
Algorithm: Hopcroft-Karp
Running with seed: 1
Total Vertices: 200000
Total Edges: 1600000.00000
Density: 0.00004
Running Hocroft-Karp
iteration 0 ended after 0.0303895 seconds with 36522 matchings.
iteration 1 ended after 0.0161836 seconds with 37620 matchings.
iteration 2 ended after 0.0147206 seconds with 37698 matchings.
iteration 3 ended after 0.0150895 seconds with 37706 matchings.
iteration 4 ended after 0.0168618 seconds with 37707 matchings.
Algorithm ended after: 5 iterations. 
Elapsed time: 0.114747 seconds. 
Total augmentations: 5
Total matchings: 37707 matchings.
Total augmenting paths: 37707
Maximum size augmenting path: 10
BFS calls: 6
BFS operations: 0
DFS calls: 412747
DFS operations: 414036
@
@
@
Algorithm: Hopcroft-Karp
Running with seed: 100
Total Vertices: 200000
Total Edges: 1600000.00000
Density: 0.00004
Running Hocroft-Karp
iteration 0 ended after 0.0342086 seconds with 36388 matchings.
iteration 1 ended after 0.02041 seconds with 37472 matchings.
iteration 2 ended after 0.0166651 seconds with 37568 matchings.
iteration 3 ended after 0.0166025 seconds with 37574 matchings.
iteration 4 ended after 0.0150866 seconds with 37575 matchings.
Algorithm ended after: 5 iterations. 
Elapsed time: 0.122119 seconds. 
Total augmentations: 5
Total matchings: 37575 matchings.
Total augmenting paths: 37575
Maximum size augmenting path: 10
BFS calls: 6
BFS operations: 0
DFS calls: 413423
DFS operations: 414734
@
@
@
Algorithm: Hopcroft-Karp
Running with seed: 1000
Total Vertices: 200000
Total Edges: 1600000.00000
Density: 0.00004
Running Hocroft-Karp
iteration 0 ended after 0.0340777 seconds with 36432 matchings.
iteration 1 ended after 0.0174624 seconds with 37507 matchings.
iteration 2 ended after 0.0144861 seconds with 37591 matchings.
iteration 3 ended after 0.0141177 seconds with 37601 matchings.
Algorithm ended after: 4 iterations. 
Elapsed time: 0.0987817 seconds. 
Total augmentations: 4
Total matchings: 37601 matchings.
Total augmenting paths: 37601
Maximum size augmenting path: 8
BFS calls: 5
BFS operations: 0
DFS calls: 350869
DFS operations: 352151
@
@
@
Algorithm: Hopcroft-Karp
Running with seed: 2
Total Vertices: 200000
Total Edges: 1600000.00000
Density: 0.00004
Running Hocroft-Karp
iteration 0 ended after 0.0304353 seconds with 36515 matchings.
iteration 1 ended after 0.0168275 seconds with 37612 matchings.
iteration 2 ended after 0.0171569 seconds with 37690 matchings.
iteration 3 ended after 0.0150945 seconds with 37697 matchings.
iteration 4 ended after 0.0153335 seconds with 37699 matchings.
Algorithm ended after: 5 iterations. 
Elapsed time: 0.112809 seconds. 
Total augmentations: 5
Total matchings: 37699 matchings.
Total augmenting paths: 37699
Maximum size augmenting path: 10
BFS calls: 6
BFS operations: 0
DFS calls: 412787
DFS operations: 414083
@
@
@
Algorithm: Hopcroft-Karp
Running with seed: 200
Total Vertices: 200000
Total Edges: 1600000.00000
Density: 0.00004
Running Hocroft-Karp
iteration 0 ended after 0.0319488 seconds with 36454 matchings.
iteration 1 ended after 0.0163045 seconds with 37521 matchings.
iteration 2 ended after 0.0147669 seconds with 37612 matchings.
iteration 3 ended after 0.0145042 seconds with 37628 matchings.
Algorithm ended after: 4 iterations. 
Elapsed time: 0.0948567 seconds. 
Total augmentations: 4
Total matchings: 37628 matchings.
Total augmenting paths: 37628
Maximum size augmenting path: 8
BFS calls: 5
BFS operations: 0
DFS calls: 350785
DFS operations: 352090
@
@
@
Algorithm: Hopcroft-Karp
Running with seed: 2000
Total Vertices: 200000
Total Edges: 1600000.00000
Density: 0.00004
Running Hocroft-Karp
iteration 0 ended after 0.0314852 seconds with 36329 matchings.
iteration 1 ended after 0.0166252 seconds with 37454 matchings.
iteration 2 ended after 0.0146874 seconds with 37542 matchings.
iteration 3 ended after 0.0145211 seconds with 37547 matchings.
Algorithm ended after: 4 iterations. 
Elapsed time: 0.0970957 seconds. 
Total augmentations: 4
Total matchings: 37547 matchings.
Total augmenting paths: 37547
Maximum size augmenting path: 8
BFS calls: 5
BFS operations: 0
DFS calls: 351128
DFS operations: 352454
@
@
@
Algorithm: Hopcroft-Karp
Running with seed: 123
Total Vertices: 200000
Total Edges: 1600000.00000
Density: 0.00004
Running Hocroft-Karp
iteration 0 ended after 0.0313636 seconds with 36388 matchings.
iteration 1 ended after 0.0164688 seconds with 37464 matchings.
iteration 2 ended after 0.0139624 seconds with 37565 matchings.
iteration 3 ended after 0.0141239 seconds with 37572 matchings.
iteration 4 ended after 0.0137457 seconds with 37574 matchings.
Algorithm ended after: 5 iterations. 
Elapsed time: 0.109164 seconds. 
Total augmentations: 5
Total matchings: 37574 matchings.
Total augmenting paths: 37574
Maximum size augmenting path: 10
BFS calls: 6
BFS operations: 0
DFS calls: 413437
DFS operations: 414749
@
@
@
Algorithm: Hopcroft-Karp
Running with seed: 1234
Total Vertices: 200000
Total Edges: 1600000.00000
Density: 0.00004
Running Hocroft-Karp
iteration 0 ended after 0.0301515 seconds with 36486 matchings.
iteration 1 ended after 0.0168945 seconds with 37633 matchings.
iteration 2 ended after 0.0142452 seconds with 37708 matchings.
iteration 3 ended after 0.0143739 seconds with 37711 matchings.
iteration 4 ended after 0.0155676 seconds with 37712 matchings.
iteration 5 ended after 0.01868 seconds with 37713 matchings.
Algorithm ended after: 6 iterations. 
Elapsed time: 0.132589 seconds. 
Total augmentations: 6
Total matchings: 37713 matchings.
Total augmenting paths: 37713
Maximum size augmenting path: 12
BFS calls: 7
BFS operations: 0
DFS calls: 475037
DFS operations: 476364
@
@
@
Algorithm: Hopcroft-Karp
Running with seed: 12345
Total Vertices: 200000
Total Edges: 1600000.00000
Density: 0.00004
Running Hocroft-Karp
iteration 0 ended after 0.031547 seconds with 36501 matchings.
iteration 1 ended after 0.0162662 seconds with 37587 matchings.
iteration 2 ended after 0.0150425 seconds with 37675 matchings.
iteration 3 ended after 0.0156486 seconds with 37682 matchings.
iteration 4 ended after 0.0147416 seconds with 37684 matchings.
Algorithm ended after: 5 iterations. 
Elapsed time: 0.111306 seconds. 
Total augmentations: 5
Total matchings: 37684 matchings.
Total augmenting paths: 37684
Maximum size augmenting path: 10
BFS calls: 6
BFS operations: 0
DFS calls: 412871
DFS operations: 414173
@
@
@
Algorithm: Hopcroft-Karp
Running with seed: 123456
Total Vertices: 200000
Total Edges: 1600000.00000
Density: 0.00004
Running Hocroft-Karp
iteration 0 ended after 0.0325005 seconds with 36421 matchings.
iteration 1 ended after 0.0166428 seconds with 37547 matchings.
iteration 2 ended after 0.0142387 seconds with 37636 matchings.
iteration 3 ended after 0.013947 seconds with 37646 matchings.
iteration 4 ended after 0.0143868 seconds with 37648 matchings.
Algorithm ended after: 5 iterations. 
Elapsed time: 0.110022 seconds. 
Total augmentations: 5
Total matchings: 37648 matchings.
Total augmenting paths: 37648
Maximum size augmenting path: 10
BFS calls: 6
BFS operations: 0
DFS calls: 413102
DFS operations: 414447
@
@
@
Algorithm: Hopcroft-Karp
Running with seed: 1
Total Vertices: 200000
Total Edges: 3200000.00000
Density: 0.00008
Running Hocroft-Karp
iteration 0 ended after 0.0408821 seconds with 54270 matchings.
iteration 1 ended after 0.0272351 seconds with 57639 matchings.
iteration 2 ended after 0.0196097 seconds with 58244 matchings.
iteration 3 ended after 0.0161029 seconds with 58381 matchings.
iteration 4 ended after 0.0159962 seconds with 58417 matchings.
iteration 5 ended after 0.0153607 seconds with 58424 matchings.
iteration 6 ended after 0.0153399 seconds with 58429 matchings.
iteration 7 ended after 0.0150223 seconds with 58431 matchings.
Algorithm ended after: 8 iterations. 
Elapsed time: 0.187682 seconds. 
Total augmentations: 8
Total matchings: 58431 matchings.
Total augmenting paths: 58431
Maximum size augmenting path: 18
BFS calls: 9
BFS operations: 0
DFS calls: 437765
DFS operations: 443150
@
@
@
Algorithm: Hopcroft-Karp
Running with seed: 100
Total Vertices: 200000
Total Edges: 3200000.00000
Density: 0.00008
Running Hocroft-Karp
iteration 0 ended after 0.0489501 seconds with 54217 matchings.
iteration 1 ended after 0.0245823 seconds with 57578 matchings.
iteration 2 ended after 0.0187388 seconds with 58165 matchings.
iteration 3 ended after 0.0171293 seconds with 58323 matchings.
iteration 4 ended after 0.0197837 seconds with 58360 matchings.
iteration 5 ended after 0.0182897 seconds with 58374 matchings.
iteration 6 ended after 0.0174964 seconds with 58375 matchings.
iteration 7 ended after 0.0157244 seconds with 58376 matchings.
iteration 8 ended after 0.0154591 seconds with 58377 matchings.
iteration 9 ended after 0.0159352 seconds with 58378 matchings.
Algorithm ended after: 10 iterations. 
Elapsed time: 0.236424 seconds. 
Total augmentations: 10
Total matchings: 58378 matchings.
Total augmenting paths: 58378
Maximum size augmenting path: 22
BFS calls: 11
BFS operations: 0
DFS calls: 521477
DFS operations: 526902
@
@
@
Algorithm: Hopcroft-Karp
Running with seed: 1000
Total Vertices: 200000
Total Edges: 3200000.00000
Density: 0.00008
Running Hocroft-Karp
iteration 0 ended after 0.0430358 seconds with 54234 matchings.
iteration 1 ended after 0.0221457 seconds with 57562 matchings.
iteration 2 ended after 0.0200387 seconds with 58136 matchings.
iteration 3 ended after 0.0193809 seconds with 58281 matchings.
iteration 4 ended after 0.0173765 seconds with 58325 matchings.
iteration 5 ended after 0.0167749 seconds with 58335 matchings.
iteration 6 ended after 0.0160437 seconds with 58336 matchings.
iteration 7 ended after 0.0156238 seconds with 58338 matchings.
Algorithm ended after: 8 iterations. 
Elapsed time: 0.193393 seconds. 
Total augmentations: 8
Total matchings: 58338 matchings.
Total augmenting paths: 58338
Maximum size augmenting path: 16
BFS calls: 9
BFS operations: 0
DFS calls: 438453
DFS operations: 443785
@
@
@
Algorithm: Hopcroft-Karp
Running with seed: 2
Total Vertices: 200000
Total Edges: 3200000.00000
Density: 0.00008
Running Hocroft-Karp
iteration 0 ended after 0.0462695 seconds with 54055 matchings.
iteration 1 ended after 0.0251045 seconds with 57497 matchings.
iteration 2 ended after 0.0170353 seconds with 58078 matchings.
iteration 3 ended after 0.0164761 seconds with 58225 matchings.
iteration 4 ended after 0.0155692 seconds with 58270 matchings.
iteration 5 ended after 0.0156516 seconds with 58280 matchings.
iteration 6 ended after 0.0152211 seconds with 58286 matchings.
Algorithm ended after: 7 iterations. 
Elapsed time: 0.172474 seconds. 
Total augmentations: 7
Total matchings: 58286 matchings.
Total augmenting paths: 58286
Maximum size augmenting path: 14
BFS calls: 8
BFS operations: 0
DFS calls: 397309
DFS operations: 402790
@
@
@
Algorithm: Hopcroft-Karp
Running with seed: 200
Total Vertices: 200000
Total Edges: 3200000.00000
Density: 0.00008
Running Hocroft-Karp
iteration 0 ended after 0.0411903 seconds with 54190 matchings.
iteration 1 ended after 0.0219026 seconds with 57538 matchings.
iteration 2 ended after 0.0177958 seconds with 58183 matchings.
iteration 3 ended after 0.0161114 seconds with 58326 matchings.
iteration 4 ended after 0.0174232 seconds with 58367 matchings.
iteration 5 ended after 0.0198994 seconds with 58383 matchings.
iteration 6 ended after 0.0176585 seconds with 58390 matchings.
iteration 7 ended after 0.0176483 seconds with 58392 matchings.
Algorithm ended after: 8 iterations. 
Elapsed time: 0.193379 seconds. 
Total augmentations: 8
Total matchings: 58392 matchings.
Total augmenting paths: 58392
Maximum size augmenting path: 16
BFS calls: 9
BFS operations: 0
DFS calls: 438231
DFS operations: 443775
@
@
@
Algorithm: Hopcroft-Karp
Running with seed: 2000
Total Vertices: 200000
Total Edges: 3200000.00000
Density: 0.00008
Running Hocroft-Karp
iteration 0 ended after 0.0417925 seconds with 54143 matchings.
iteration 1 ended after 0.0214327 seconds with 57499 matchings.
iteration 2 ended after 0.0167526 seconds with 58082 matchings.
iteration 3 ended after 0.0157752 seconds with 58210 matchings.
iteration 4 ended after 0.0153323 seconds with 58242 matchings.
iteration 5 ended after 0.0170026 seconds with 58257 matchings.
iteration 6 ended after 0.0212755 seconds with 58263 matchings.
Algorithm ended after: 7 iterations. 
Elapsed time: 0.171198 seconds. 
Total augmentations: 7
Total matchings: 58263 matchings.
Total augmenting paths: 58263
Maximum size augmenting path: 14
BFS calls: 8
BFS operations: 0
DFS calls: 397304
DFS operations: 402608
@
@
@
Algorithm: Hopcroft-Karp
Running with seed: 123
Total Vertices: 200000
Total Edges: 3200000.00000
Density: 0.00008
Running Hocroft-Karp
iteration 0 ended after 0.0440893 seconds with 54076 matchings.
iteration 1 ended after 0.0237824 seconds with 57428 matchings.
iteration 2 ended after 0.0180318 seconds with 58031 matchings.
iteration 3 ended after 0.0163296 seconds with 58173 matchings.
iteration 4 ended after 0.0157268 seconds with 58221 matchings.
iteration 5 ended after 0.0199411 seconds with 58236 matchings.
iteration 6 ended after 0.0176097 seconds with 58239 matchings.
iteration 7 ended after 0.0162762 seconds with 58241 matchings.
iteration 8 ended after 0.0169337 seconds with 58242 matchings.
Algorithm ended after: 9 iterations. 
Elapsed time: 0.213308 seconds. 
Total augmentations: 9
Total matchings: 58242 matchings.
Total augmenting paths: 58242
Maximum size augmenting path: 20
BFS calls: 10
BFS operations: 0
DFS calls: 481113
DFS operations: 486545
@
@
@
Algorithm: Hopcroft-Karp
Running with seed: 1234
Total Vertices: 200000
Total Edges: 3200000.00000
Density: 0.00008
Running Hocroft-Karp
iteration 0 ended after 0.0416894 seconds with 54090 matchings.
iteration 1 ended after 0.0257793 seconds with 57425 matchings.
iteration 2 ended after 0.0209932 seconds with 58046 matchings.
iteration 3 ended after 0.0172521 seconds with 58189 matchings.
iteration 4 ended after 0.0172086 seconds with 58227 matchings.
iteration 5 ended after 0.0160497 seconds with 58244 matchings.
iteration 6 ended after 0.0162007 seconds with 58248 matchings.
Algorithm ended after: 7 iterations. 
Elapsed time: 0.177711 seconds. 
Total augmentations: 7
Total matchings: 58248 matchings.
Total augmenting paths: 58248
Maximum size augmenting path: 14
BFS calls: 8
BFS operations: 0
DFS calls: 397531
DFS operations: 402968
@
@
@
Algorithm: Hopcroft-Karp
Running with seed: 12345
Total Vertices: 200000
Total Edges: 3200000.00000
Density: 0.00008
Running Hocroft-Karp
iteration 0 ended after 0.0427543 seconds with 54211 matchings.
iteration 1 ended after 0.022952 seconds with 57544 matchings.
iteration 2 ended after 0.0181758 seconds with 58165 matchings.
iteration 3 ended after 0.0161702 seconds with 58304 matchings.
iteration 4 ended after 0.0155365 seconds with 58338 matchings.
iteration 5 ended after 0.0156861 seconds with 58348 matchings.
iteration 6 ended after 0.0155542 seconds with 58351 matchings.
iteration 7 ended after 0.0179025 seconds with 58353 matchings.
Algorithm ended after: 8 iterations. 
Elapsed time: 0.188656 seconds. 
Total augmentations: 8
Total matchings: 58353 matchings.
Total augmenting paths: 58353
Maximum size augmenting path: 18
BFS calls: 9
BFS operations: 0
DFS calls: 438386
DFS operations: 443764
@
@
@
Algorithm: Hopcroft-Karp
Running with seed: 123456
Total Vertices: 200000
Total Edges: 3200000.00000
Density: 0.00008
Running Hocroft-Karp
iteration 0 ended after 0.0398388 seconds with 54288 matchings.
iteration 1 ended after 0.0212431 seconds with 57622 matchings.
iteration 2 ended after 0.0165929 seconds with 58192 matchings.
iteration 3 ended after 0.0157355 seconds with 58346 matchings.
iteration 4 ended after 0.015329 seconds with 58386 matchings.
iteration 5 ended after 0.0150741 seconds with 58396 matchings.
iteration 6 ended after 0.0153681 seconds with 58397 matchings.
Algorithm ended after: 7 iterations. 
Elapsed time: 0.160451 seconds. 
Total augmentations: 7
Total matchings: 58397 matchings.
Total augmenting paths: 58397
Maximum size augmenting path: 14
BFS calls: 8
BFS operations: 0
DFS calls: 396373
DFS operations: 401707
@
@
@
Algorithm: Hopcroft-Karp
Running with seed: 1
Total Vertices: 200000
Total Edges: 6400000.00000
Density: 0.00016
Running Hocroft-Karp
iteration 0 ended after 0.0585665 seconds with 71652 matchings.
iteration 1 ended after 0.0364913 seconds with 78493 matchings.
iteration 2 ended after 0.0252462 seconds with 80507 matchings.
iteration 3 ended after 0.0239845 seconds with 81460 matchings.
iteration 4 ended after 0.0217109 seconds with 81954 matchings.
iteration 5 ended after 0.0213404 seconds with 82252 matchings.
iteration 6 ended after 0.0182636 seconds with 82418 matchings.
iteration 7 ended after 0.0230794 seconds with 82540 matchings.
iteration 8 ended after 0.0228186 seconds with 82605 matchings.
iteration 9 ended after 0.0226756 seconds with 82650 matchings.
iteration 10 ended after 0.0232674 seconds with 82687 matchings.
iteration 11 ended after 0.0227276 seconds with 82705 matchings.
iteration 12 ended after 0.0212821 seconds with 82726 matchings.
iteration 13 ended after 0.0196357 seconds with 82742 matchings.
iteration 14 ended after 0.0185177 seconds with 82747 matchings.
iteration 15 ended after 0.0191536 seconds with 82754 matchings.
iteration 16 ended after 0.0218161 seconds with 82758 matchings.
iteration 17 ended after 0.0210897 seconds with 82761 matchings.
iteration 18 ended after 0.0252955 seconds with 82763 matchings.
iteration 19 ended after 0.0368995 seconds with 82764 matchings.
iteration 20 ended after 0.0258075 seconds with 82766 matchings.
iteration 21 ended after 0.022401 seconds with 82767 matchings.
iteration 22 ended after 0.0238534 seconds with 82770 matchings.
iteration 23 ended after 0.0241854 seconds with 82772 matchings.
iteration 24 ended after 0.0219575 seconds with 82773 matchings.
Algorithm ended after: 25 iterations. 
Elapsed time: 0.658891 seconds. 
Total augmentations: 25
Total matchings: 82773 matchings.
Total augmenting paths: 82773
Maximum size augmenting path: 56
BFS calls: 26
BFS operations: 0
DFS calls: 552214
DFS operations: 575725
@
@
@
Algorithm: Hopcroft-Karp
Running with seed: 100
Total Vertices: 200000
Total Edges: 6400000.00000
Density: 0.00016
Running Hocroft-Karp
iteration 0 ended after 0.0616633 seconds with 71620 matchings.
iteration 1 ended after 0.049605 seconds with 78402 matchings.
iteration 2 ended after 0.039513 seconds with 80537 matchings.
iteration 3 ended after 0.0260147 seconds with 81482 matchings.
iteration 4 ended after 0.0228322 seconds with 81971 matchings.
iteration 5 ended after 0.0201663 seconds with 82297 matchings.
iteration 6 ended after 0.0221423 seconds with 82459 matchings.
iteration 7 ended after 0.0223851 seconds with 82564 matchings.
iteration 8 ended after 0.0195692 seconds with 82630 matchings.
iteration 9 ended after 0.0182698 seconds with 82685 matchings.
iteration 10 ended after 0.0179741 seconds with 82705 matchings.
iteration 11 ended after 0.0222119 seconds with 82727 matchings.
iteration 12 ended after 0.0236712 seconds with 82743 matchings.
iteration 13 ended after 0.0302211 seconds with 82749 matchings.
iteration 14 ended after 0.0243701 seconds with 82757 matchings.
iteration 15 ended after 0.0359913 seconds with 82760 matchings.
iteration 16 ended after 0.0318975 seconds with 82764 matchings.
iteration 17 ended after 0.0269304 seconds with 82770 matchings.
iteration 18 ended after 0.021781 seconds with 82774 matchings.
iteration 19 ended after 0.0221454 seconds with 82779 matchings.
iteration 20 ended after 0.0222697 seconds with 82781 matchings.
iteration 21 ended after 0.0200904 seconds with 82782 matchings.
iteration 22 ended after 0.0198572 seconds with 82783 matchings.
iteration 23 ended after 0.0224329 seconds with 82784 matchings.
iteration 24 ended after 0.0201748 seconds with 82785 matchings.
Algorithm ended after: 25 iterations. 
Elapsed time: 0.698563 seconds. 
Total augmentations: 25
Total matchings: 82785 matchings.
Total augmenting paths: 82785
Maximum size augmenting path: 66
BFS calls: 26
BFS operations: 0
DFS calls: 551910
DFS operations: 575447
@
@
@
Algorithm: Hopcroft-Karp
Running with seed: 1000
Total Vertices: 200000
Total Edges: 6400000.00000
Density: 0.00016
Running Hocroft-Karp
iteration 0 ended after 0.0595884 seconds with 71810 matchings.
iteration 1 ended after 0.0426386 seconds with 78553 matchings.
iteration 2 ended after 0.0357058 seconds with 80609 matchings.
iteration 3 ended after 0.038785 seconds with 81528 matchings.
iteration 4 ended after 0.0302465 seconds with 82040 matchings.
iteration 5 ended after 0.0259843 seconds with 82338 matchings.
iteration 6 ended after 0.0244166 seconds with 82518 matchings.
iteration 7 ended after 0.0226764 seconds with 82643 matchings.
iteration 8 ended after 0.0219813 seconds with 82713 matchings.
iteration 9 ended after 0.0216638 seconds with 82767 matchings.
iteration 10 ended after 0.021033 seconds with 82799 matchings.
iteration 11 ended after 0.0215857 seconds with 82813 matchings.
iteration 12 ended after 0.0208968 seconds with 82829 matchings.
iteration 13 ended after 0.0209594 seconds with 82839 matchings.
iteration 14 ended after 0.0197764 seconds with 82848 matchings.
iteration 15 ended after 0.0203471 seconds with 82852 matchings.
iteration 16 ended after 0.0215432 seconds with 82855 matchings.
iteration 17 ended after 0.0279813 seconds with 82860 matchings.
iteration 18 ended after 0.027802 seconds with 82862 matchings.
iteration 19 ended after 0.0229295 seconds with 82864 matchings.
iteration 20 ended after 0.0199813 seconds with 82865 matchings.
iteration 21 ended after 0.0172357 seconds with 82867 matchings.
iteration 22 ended after 0.0162736 seconds with 82869 matchings.
iteration 23 ended after 0.0158058 seconds with 82870 matchings.
Algorithm ended after: 24 iterations. 
Elapsed time: 0.648052 seconds. 
Total augmentations: 24
Total matchings: 82870 matchings.
Total augmenting paths: 82870
Maximum size augmenting path: 62
BFS calls: 25
BFS operations: 0
DFS calls: 532589
DFS operations: 556008
@
@
@
Algorithm: Hopcroft-Karp
Running with seed: 2
Total Vertices: 200000
Total Edges: 6400000.00000
Density: 0.00016
Running Hocroft-Karp
iteration 0 ended after 0.0616785 seconds with 71626 matchings.
iteration 1 ended after 0.0390165 seconds with 78440 matchings.
iteration 2 ended after 0.0329386 seconds with 80569 matchings.
iteration 3 ended after 0.0305683 seconds with 81527 matchings.
iteration 4 ended after 0.0225969 seconds with 82016 matchings.
iteration 5 ended after 0.0247584 seconds with 82290 matchings.
iteration 6 ended after 0.0248595 seconds with 82462 matchings.
iteration 7 ended after 0.0195253 seconds with 82566 matchings.
iteration 8 ended after 0.0187804 seconds with 82643 matchings.
iteration 9 ended after 0.0166311 seconds with 82681 matchings.
iteration 10 ended after 0.0162508 seconds with 82708 matchings.
iteration 11 ended after 0.0187513 seconds with 82733 matchings.
iteration 12 ended after 0.0231339 seconds with 82751 matchings.
iteration 13 ended after 0.0231437 seconds with 82763 matchings.
iteration 14 ended after 0.0263315 seconds with 82773 matchings.
iteration 15 ended after 0.0199489 seconds with 82779 matchings.
iteration 16 ended after 0.0224403 seconds with 82784 matchings.
iteration 17 ended after 0.0209273 seconds with 82787 matchings.
iteration 18 ended after 0.0208009 seconds with 82788 matchings.
iteration 19 ended after 0.0181782 seconds with 82790 matchings.
iteration 20 ended after 0.0172995 seconds with 82792 matchings.
iteration 21 ended after 0.0164245 seconds with 82793 matchings.
iteration 22 ended after 0.016525 seconds with 82794 matchings.
iteration 23 ended after 0.0180189 seconds with 82795 matchings.
iteration 24 ended after 0.0178571 seconds with 82796 matchings.
Algorithm ended after: 25 iterations. 
Elapsed time: 0.618488 seconds. 
Total augmentations: 25
Total matchings: 82796 matchings.
Total augmenting paths: 82796
Maximum size augmenting path: 68
BFS calls: 26
BFS operations: 0
DFS calls: 551554
DFS operations: 575040
@
@
@
Algorithm: Hopcroft-Karp
Running with seed: 200
Total Vertices: 200000
Total Edges: 6400000.00000
Density: 0.00016
Running Hocroft-Karp
iteration 0 ended after 0.0548962 seconds with 71605 matchings.
iteration 1 ended after 0.0333181 seconds with 78475 matchings.
iteration 2 ended after 0.0258742 seconds with 80569 matchings.
iteration 3 ended after 0.0214669 seconds with 81532 matchings.
iteration 4 ended after 0.0196426 seconds with 82032 matchings.
iteration 5 ended after 0.0183291 seconds with 82322 matchings.
iteration 6 ended after 0.0175745 seconds with 82471 matchings.
iteration 7 ended after 0.0195101 seconds with 82588 matchings.
iteration 8 ended after 0.0186319 seconds with 82653 matchings.
iteration 9 ended after 0.0180219 seconds with 82700 matchings.
iteration 10 ended after 0.0174874 seconds with 82737 matchings.
iteration 11 ended after 0.0169529 seconds with 82756 matchings.
iteration 12 ended after 0.0200255 seconds with 82772 matchings.
iteration 13 ended after 0.0184004 seconds with 82779 matchings.
iteration 14 ended after 0.0175965 seconds with 82792 matchings.
iteration 15 ended after 0.0161626 seconds with 82801 matchings.
iteration 16 ended after 0.0174471 seconds with 82807 matchings.
iteration 17 ended after 0.0174016 seconds with 82809 matchings.
iteration 18 ended after 0.0165473 seconds with 82812 matchings.
iteration 19 ended after 0.0154457 seconds with 82814 matchings.
iteration 20 ended after 0.0151866 seconds with 82815 matchings.
iteration 21 ended after 0.015493 seconds with 82816 matchings.
iteration 22 ended after 0.0152928 seconds with 82817 matchings.
iteration 23 ended after 0.0160408 seconds with 82819 matchings.
iteration 24 ended after 0.0153181 seconds with 82820 matchings.
iteration 25 ended after 0.0151981 seconds with 82821 matchings.
iteration 26 ended after 0.0149453 seconds with 82822 matchings.
iteration 27 ended after 0.0149475 seconds with 82823 matchings.
Algorithm ended after: 28 iterations. 
Elapsed time: 0.573167 seconds. 
Total augmentations: 28
Total matchings: 82823 matchings.
Total augmenting paths: 82823
Maximum size augmenting path: 68
BFS calls: 29
BFS operations: 0
DFS calls: 602621
DFS operations: 626264
@
@
@
Algorithm: Hopcroft-Karp
Running with seed: 2000
Total Vertices: 200000
Total Edges: 6400000.00000
Density: 0.00016
Running Hocroft-Karp
iteration 0 ended after 0.0592119 seconds with 71696 matchings.
iteration 1 ended after 0.0348747 seconds with 78535 matchings.
iteration 2 ended after 0.025067 seconds with 80602 matchings.
iteration 3 ended after 0.0214918 seconds with 81551 matchings.
iteration 4 ended after 0.0191636 seconds with 82075 matchings.
iteration 5 ended after 0.0185238 seconds with 82348 matchings.
iteration 6 ended after 0.0173486 seconds with 82517 matchings.
iteration 7 ended after 0.0167886 seconds with 82611 matchings.
iteration 8 ended after 0.0163319 seconds with 82687 matchings.
iteration 9 ended after 0.0156218 seconds with 82733 matchings.
iteration 10 ended after 0.0154582 seconds with 82765 matchings.
iteration 11 ended after 0.015501 seconds with 82785 matchings.
iteration 12 ended after 0.0153223 seconds with 82799 matchings.
iteration 13 ended after 0.015401 seconds with 82821 matchings.
iteration 14 ended after 0.0149213 seconds with 82835 matchings.
iteration 15 ended after 0.0194435 seconds with 82840 matchings.
iteration 16 ended after 0.0265583 seconds with 82844 matchings.
iteration 17 ended after 0.0218933 seconds with 82850 matchings.
iteration 18 ended after 0.0161281 seconds with 82853 matchings.
iteration 19 ended after 0.0153584 seconds with 82855 matchings.
iteration 20 ended after 0.0171963 seconds with 82856 matchings.
iteration 21 ended after 0.0182965 seconds with 82857 matchings.
iteration 22 ended after 0.0164538 seconds with 82859 matchings.
Algorithm ended after: 23 iterations. 
Elapsed time: 0.508891 seconds. 
Total augmentations: 23
Total matchings: 82859 matchings.
Total augmenting paths: 82859
Maximum size augmenting path: 48
BFS calls: 24
BFS operations: 0
DFS calls: 515826
DFS operations: 539437
@
@
@
Algorithm: Hopcroft-Karp
Running with seed: 123
Total Vertices: 200000
Total Edges: 6400000.00000
Density: 0.00016
Running Hocroft-Karp
iteration 0 ended after 0.0560008 seconds with 71743 matchings.
iteration 1 ended after 0.030949 seconds with 78398 matchings.
iteration 2 ended after 0.0233681 seconds with 80482 matchings.
iteration 3 ended after 0.0212982 seconds with 81453 matchings.
iteration 4 ended after 0.019697 seconds with 81946 matchings.
iteration 5 ended after 0.0176227 seconds with 82202 matchings.
iteration 6 ended after 0.0176019 seconds with 82369 matchings.
iteration 7 ended after 0.0159765 seconds with 82477 matchings.
iteration 8 ended after 0.016247 seconds with 82548 matchings.
iteration 9 ended after 0.0151334 seconds with 82583 matchings.
iteration 10 ended after 0.0173196 seconds with 82608 matchings.
iteration 11 ended after 0.022712 seconds with 82636 matchings.
iteration 12 ended after 0.0209258 seconds with 82649 matchings.
iteration 13 ended after 0.0221142 seconds with 82654 matchings.
iteration 14 ended after 0.0193687 seconds with 82664 matchings.
iteration 15 ended after 0.020156 seconds with 82667 matchings.
iteration 16 ended after 0.0206267 seconds with 82671 matchings.
iteration 17 ended after 0.0186509 seconds with 82674 matchings.
iteration 18 ended after 0.0190109 seconds with 82676 matchings.
iteration 19 ended after 0.0182365 seconds with 82679 matchings.
iteration 20 ended after 0.017786 seconds with 82681 matchings.
iteration 21 ended after 0.0168861 seconds with 82682 matchings.
iteration 22 ended after 0.0165933 seconds with 82683 matchings.
Algorithm ended after: 23 iterations. 
Elapsed time: 0.514146 seconds. 
Total augmentations: 23
Total matchings: 82683 matchings.
Total augmenting paths: 82683
Maximum size augmenting path: 56
BFS calls: 24
BFS operations: 0
DFS calls: 519175
DFS operations: 542007
@
@
@
Algorithm: Hopcroft-Karp
Running with seed: 1234
Total Vertices: 200000
Total Edges: 6400000.00000
Density: 0.00016
Running Hocroft-Karp
iteration 0 ended after 0.116403 seconds with 71712 matchings.
iteration 1 ended after 0.0623174 seconds with 78445 matchings.
iteration 2 ended after 0.0485071 seconds with 80546 matchings.
iteration 3 ended after 0.0388543 seconds with 81514 matchings.
iteration 4 ended after 0.0298536 seconds with 82020 matchings.
iteration 5 ended after 0.0292966 seconds with 82272 matchings.
iteration 6 ended after 0.023601 seconds with 82434 matchings.
iteration 7 ended after 0.0325494 seconds with 82558 matchings.
iteration 8 ended after 0.0294472 seconds with 82632 matchings.
iteration 9 ended after 0.0300619 seconds with 82670 matchings.
iteration 10 ended after 0.033144 seconds with 82702 matchings.
iteration 11 ended after 0.0280726 seconds with 82723 matchings.
iteration 12 ended after 0.0214857 seconds with 82739 matchings.
iteration 13 ended after 0.0219247 seconds with 82749 matchings.
iteration 14 ended after 0.0215738 seconds with 82760 matchings.
iteration 15 ended after 0.0190531 seconds with 82765 matchings.
iteration 16 ended after 0.0175276 seconds with 82771 matchings.
iteration 17 ended after 0.0172504 seconds with 82776 matchings.
iteration 18 ended after 0.0213935 seconds with 82778 matchings.
iteration 19 ended after 0.0198384 seconds with 82781 matchings.
iteration 20 ended after 0.0205023 seconds with 82782 matchings.
iteration 21 ended after 0.0183079 seconds with 82784 matchings.
iteration 22 ended after 0.0217854 seconds with 82787 matchings.
iteration 23 ended after 0.0196175 seconds with 82788 matchings.
iteration 24 ended after 0.0178542 seconds with 82790 matchings.
Algorithm ended after: 25 iterations. 
Elapsed time: 0.792071 seconds. 
Total augmentations: 25
Total matchings: 82790 matchings.
Total augmenting paths: 82790
Maximum size augmenting path: 74
BFS calls: 26
BFS operations: 0
DFS calls: 551722
DFS operations: 575162
@
@
@
Algorithm: Hopcroft-Karp
Running with seed: 12345
Total Vertices: 200000
Total Edges: 6400000.00000
Density: 0.00016
Running Hocroft-Karp
iteration 0 ended after 0.0580493 seconds with 71687 matchings.
iteration 1 ended after 0.0336782 seconds with 78502 matchings.
iteration 2 ended after 0.0251206 seconds with 80583 matchings.
iteration 3 ended after 0.0231439 seconds with 81549 matchings.
iteration 4 ended after 0.0220294 seconds with 82043 matchings.
iteration 5 ended after 0.0217799 seconds with 82344 matchings.
iteration 6 ended after 0.0208166 seconds with 82511 matchings.
iteration 7 ended after 0.0196309 seconds with 82614 matchings.
iteration 8 ended after 0.0259022 seconds with 82688 matchings.
iteration 9 ended after 0.0211085 seconds with 82736 matchings.
iteration 10 ended after 0.0197791 seconds with 82761 matchings.
iteration 11 ended after 0.0214109 seconds with 82782 matchings.
iteration 12 ended after 0.0222934 seconds with 82796 matchings.
iteration 13 ended after 0.020552 seconds with 82805 matchings.
iteration 14 ended after 0.0179169 seconds with 82812 matchings.
iteration 15 ended after 0.0196862 seconds with 82818 matchings.
iteration 16 ended after 0.0159638 seconds with 82822 matchings.
iteration 17 ended after 0.0159201 seconds with 82828 matchings.
iteration 18 ended after 0.0164686 seconds with 82830 matchings.
iteration 19 ended after 0.0169161 seconds with 82832 matchings.
iteration 20 ended after 0.016408 seconds with 82833 matchings.
iteration 21 ended after 0.0187128 seconds with 82835 matchings.
iteration 22 ended after 0.0169711 seconds with 82837 matchings.
iteration 23 ended after 0.0158706 seconds with 82839 matchings.
iteration 24 ended after 0.0158516 seconds with 82840 matchings.
Algorithm ended after: 25 iterations. 
Elapsed time: 0.570999 seconds. 
Total augmentations: 25
Total matchings: 82840 matchings.
Total augmenting paths: 82840
Maximum size augmenting path: 56
BFS calls: 26
BFS operations: 0
DFS calls: 550473
DFS operations: 573986
@
@
@
Algorithm: Hopcroft-Karp
Running with seed: 123456
Total Vertices: 200000
Total Edges: 6400000.00000
Density: 0.00016
Running Hocroft-Karp
iteration 0 ended after 0.0546835 seconds with 71902 matchings.
iteration 1 ended after 0.0317974 seconds with 78526 matchings.
iteration 2 ended after 0.0238334 seconds with 80628 matchings.
iteration 3 ended after 0.020896 seconds with 81617 matchings.
iteration 4 ended after 0.0196057 seconds with 82118 matchings.
iteration 5 ended after 0.0188621 seconds with 82395 matchings.
iteration 6 ended after 0.0195907 seconds with 82577 matchings.
iteration 7 ended after 0.0179135 seconds with 82681 matchings.
iteration 8 ended after 0.0238842 seconds with 82742 matchings.
iteration 9 ended after 0.0240952 seconds with 82789 matchings.
iteration 10 ended after 0.0206024 seconds with 82816 matchings.
iteration 11 ended after 0.0213403 seconds with 82846 matchings.
iteration 12 ended after 0.0169052 seconds with 82861 matchings.
iteration 13 ended after 0.0174384 seconds with 82870 matchings.
iteration 14 ended after 0.0160507 seconds with 82875 matchings.
iteration 15 ended after 0.0191637 seconds with 82882 matchings.
iteration 16 ended after 0.0218741 seconds with 82885 matchings.
iteration 17 ended after 0.0217451 seconds with 82887 matchings.
iteration 18 ended after 0.0184477 seconds with 82888 matchings.
iteration 19 ended after 0.0191184 seconds with 82889 matchings.
iteration 20 ended after 0.0194216 seconds with 82891 matchings.
iteration 21 ended after 0.0201796 seconds with 82892 matchings.
iteration 22 ended after 0.0203695 seconds with 82893 matchings.
iteration 23 ended after 0.0210319 seconds with 82894 matchings.
iteration 24 ended after 0.0188335 seconds with 82895 matchings.
iteration 25 ended after 0.0184209 seconds with 82896 matchings.
Algorithm ended after: 26 iterations. 
Elapsed time: 0.599696 seconds. 
Total augmentations: 26
Total matchings: 82896 matchings.
Total augmenting paths: 82896
Maximum size augmenting path: 64
BFS calls: 27
BFS operations: 0
DFS calls: 565965
DFS operations: 589231
@
@
@
Algorithm: Hopcroft-Karp
Running with seed: 1
Total Vertices: 200000
Total Edges: 12800000.00000
Density: 0.00032
Running Hocroft-Karp
iteration 0 ended after 0.101216 seconds with 84735 matchings.
iteration 1 ended after 0.0588674 seconds with 93084 matchings.
iteration 2 ended after 0.0736917 seconds with 95829 matchings.
iteration 3 ended after 0.102021 seconds with 97116 matchings.
iteration 4 ended after 0.10863 seconds with 97832 matchings.
iteration 5 ended after 0.0706211 seconds with 98205 matchings.
iteration 6 ended after 0.0441444 seconds with 98446 matchings.
iteration 7 ended after 0.0476602 seconds with 98566 matchings.
iteration 8 ended after 0.0440141 seconds with 98651 matchings.
iteration 9 ended after 0.0565193 seconds with 98699 matchings.
iteration 10 ended after 0.043956 seconds with 98725 matchings.
iteration 11 ended after 0.0455781 seconds with 98741 matchings.
iteration 12 ended after 0.0486897 seconds with 98743 matchings.
iteration 13 ended after 0.051851 seconds with 98748 matchings.
Algorithm ended after: 14 iterations. 
Elapsed time: 0.946754 seconds. 
Total augmentations: 14
Total matchings: 98748 matchings.
Total augmenting paths: 98748
Maximum size augmenting path: 28
BFS calls: 15
BFS operations: 0
DFS calls: 143880
DFS operations: 178535
@
@
@
Algorithm: Hopcroft-Karp
Running with seed: 100
Total Vertices: 200000
Total Edges: 12800000.00000
Density: 0.00032
Running Hocroft-Karp
iteration 0 ended after 0.100419 seconds with 84780 matchings.
iteration 1 ended after 0.06117 seconds with 93137 matchings.
iteration 2 ended after 0.0372136 seconds with 95822 matchings.
iteration 3 ended after 0.0338036 seconds with 97113 matchings.
iteration 4 ended after 0.0326852 seconds with 97764 matchings.
iteration 5 ended after 0.0348322 seconds with 98165 matchings.
iteration 6 ended after 0.0368372 seconds with 98375 matchings.
iteration 7 ended after 0.0413153 seconds with 98506 matchings.
iteration 8 ended after 0.0394744 seconds with 98594 matchings.
iteration 9 ended after 0.0395766 seconds with 98649 matchings.
iteration 10 ended after 0.0399269 seconds with 98672 matchings.
iteration 11 ended after 0.0443426 seconds with 98690 matchings.
iteration 12 ended after 0.0381621 seconds with 98697 matchings.
iteration 13 ended after 0.0388143 seconds with 98703 matchings.
iteration 14 ended after 0.0138164 seconds with 98704 matchings.
iteration 15 ended after 0.0182046 seconds with 98705 matchings.
Algorithm ended after: 16 iterations. 
Elapsed time: 0.658212 seconds. 
Total augmentations: 16
Total matchings: 98705 matchings.
Total augmenting paths: 98705
Maximum size augmenting path: 38
BFS calls: 17
BFS operations: 0
DFS calls: 146924
DFS operations: 182751
@
@
@
Algorithm: Hopcroft-Karp
Running with seed: 1000
Total Vertices: 200000
Total Edges: 12800000.00000
Density: 0.00032
Running Hocroft-Karp
iteration 0 ended after 0.0826587 seconds with 84926 matchings.
iteration 1 ended after 0.0470004 seconds with 93115 matchings.
iteration 2 ended after 0.0354565 seconds with 95811 matchings.
iteration 3 ended after 0.0345299 seconds with 97112 matchings.
iteration 4 ended after 0.0343121 seconds with 97837 matchings.
iteration 5 ended after 0.0348895 seconds with 98186 matchings.
iteration 6 ended after 0.0376527 seconds with 98412 matchings.
iteration 7 ended after 0.0394894 seconds with 98538 matchings.
iteration 8 ended after 0.0400451 seconds with 98616 matchings.
iteration 9 ended after 0.0461875 seconds with 98670 matchings.
iteration 10 ended after 0.0424586 seconds with 98689 matchings.
iteration 11 ended after 0.0413503 seconds with 98699 matchings.
iteration 12 ended after 0.0414094 seconds with 98702 matchings.
iteration 13 ended after 0.0419135 seconds with 98704 matchings.
iteration 14 ended after 0.0426018 seconds with 98705 matchings.
Algorithm ended after: 15 iterations. 
Elapsed time: 0.690673 seconds. 
Total augmentations: 15
Total matchings: 98705 matchings.
Total augmenting paths: 98705
Maximum size augmenting path: 30
BFS calls: 16
BFS operations: 0
DFS calls: 145278
DFS operations: 179135
@
@
@
Algorithm: Hopcroft-Karp
Running with seed: 2
Total Vertices: 200000
Total Edges: 12800000.00000
Density: 0.00032
Running Hocroft-Karp
iteration 0 ended after 0.0776947 seconds with 84629 matchings.
iteration 1 ended after 0.0474174 seconds with 92964 matchings.
iteration 2 ended after 0.040127 seconds with 95791 matchings.
iteration 3 ended after 0.0382281 seconds with 97068 matchings.
iteration 4 ended after 0.0475112 seconds with 97721 matchings.
iteration 5 ended after 0.0408473 seconds with 98103 matchings.
iteration 6 ended after 0.0412701 seconds with 98337 matchings.
iteration 7 ended after 0.0447207 seconds with 98498 matchings.
iteration 8 ended after 0.0405348 seconds with 98564 matchings.
iteration 9 ended after 0.0421139 seconds with 98627 matchings.
iteration 10 ended after 0.0384263 seconds with 98658 matchings.
iteration 11 ended after 0.046069 seconds with 98669 matchings.
iteration 12 ended after 0.0412574 seconds with 98673 matchings.
iteration 13 ended after 0.0567054 seconds with 98677 matchings.
iteration 14 ended after 0.0358166 seconds with 98679 matchings.
Algorithm ended after: 15 iterations. 
Elapsed time: 0.686659 seconds. 
Total augmentations: 15
Total matchings: 98679 matchings.
Total augmenting paths: 98679
Maximum size augmenting path: 30
BFS calls: 16
BFS operations: 0
DFS calls: 146342
DFS operations: 182482
@
@
@
Algorithm: Hopcroft-Karp
Running with seed: 200
Total Vertices: 200000
Total Edges: 12800000.00000
Density: 0.00032
Running Hocroft-Karp
iteration 0 ended after 0.0778493 seconds with 84756 matchings.
iteration 1 ended after 0.0465848 seconds with 93061 matchings.
iteration 2 ended after 0.0356889 seconds with 95800 matchings.
iteration 3 ended after 0.0339281 seconds with 97116 matchings.
iteration 4 ended after 0.03434 seconds with 97837 matchings.
iteration 5 ended after 0.035433 seconds with 98218 matchings.
iteration 6 ended after 0.0489508 seconds with 98466 matchings.
iteration 7 ended after 0.0406383 seconds with 98581 matchings.
iteration 8 ended after 0.0498952 seconds with 98655 matchings.
iteration 9 ended after 0.0430298 seconds with 98698 matchings.
iteration 10 ended after 0.0426504 seconds with 98727 matchings.
iteration 11 ended after 0.0498687 seconds with 98752 matchings.
iteration 12 ended after 0.0483667 seconds with 98763 matchings.
iteration 13 ended after 0.0580413 seconds with 98770 matchings.
iteration 14 ended after 0.0573897 seconds with 98774 matchings.
iteration 15 ended after 0.0442335 seconds with 98777 matchings.
iteration 16 ended after 0.0440966 seconds with 98778 matchings.
iteration 17 ended after 0.0540826 seconds with 98779 matchings.
Algorithm ended after: 18 iterations. 
Elapsed time: 0.905986 seconds. 
Total augmentations: 18
Total matchings: 98779 matchings.
Total augmenting paths: 98779
Maximum size augmenting path: 36
BFS calls: 19
BFS operations: 0
DFS calls: 148692
DFS operations: 183902
@
@
@
Algorithm: Hopcroft-Karp
Running with seed: 2000
Total Vertices: 200000
Total Edges: 12800000.00000
Density: 0.00032
Running Hocroft-Karp
iteration 0 ended after 0.0798044 seconds with 84605 matchings.
iteration 1 ended after 0.0461438 seconds with 92992 matchings.
iteration 2 ended after 0.0368788 seconds with 95813 matchings.
iteration 3 ended after 0.0358142 seconds with 97054 matchings.
iteration 4 ended after 0.0351088 seconds with 97729 matchings.
iteration 5 ended after 0.0355387 seconds with 98091 matchings.
iteration 6 ended after 0.0362065 seconds with 98313 matchings.
iteration 7 ended after 0.0378105 seconds with 98467 matchings.
iteration 8 ended after 0.0380874 seconds with 98547 matchings.
iteration 9 ended after 0.0384829 seconds with 98585 matchings.
iteration 10 ended after 0.0425126 seconds with 98616 matchings.
iteration 11 ended after 0.0481302 seconds with 98630 matchings.
iteration 12 ended after 0.0497559 seconds with 98645 matchings.
iteration 13 ended after 0.0429145 seconds with 98652 matchings.
iteration 14 ended after 0.0282536 seconds with 98653 matchings.
Algorithm ended after: 15 iterations. 
Elapsed time: 0.63891 seconds. 
Total augmentations: 15
Total matchings: 98653 matchings.
Total augmenting paths: 98653
Maximum size augmenting path: 30
BFS calls: 16
BFS operations: 0
DFS calls: 146608
DFS operations: 182519
@
@
@
Algorithm: Hopcroft-Karp
Running with seed: 123
Total Vertices: 200000
Total Edges: 12800000.00000
Density: 0.00032
Running Hocroft-Karp
iteration 0 ended after 0.0843026 seconds with 84719 matchings.
iteration 1 ended after 0.0477537 seconds with 93103 matchings.
iteration 2 ended after 0.0370267 seconds with 95852 matchings.
iteration 3 ended after 0.0332567 seconds with 97105 matchings.
iteration 4 ended after 0.032908 seconds with 97767 matchings.
iteration 5 ended after 0.034897 seconds with 98156 matchings.
iteration 6 ended after 0.0449405 seconds with 98396 matchings.
iteration 7 ended after 0.0368224 seconds with 98501 matchings.
iteration 8 ended after 0.0406431 seconds with 98593 matchings.
iteration 9 ended after 0.0435199 seconds with 98642 matchings.
iteration 10 ended after 0.0364004 seconds with 98668 matchings.
iteration 11 ended after 0.0412187 seconds with 98681 matchings.
iteration 12 ended after 0.0349283 seconds with 98685 matchings.
iteration 13 ended after 0.0374445 seconds with 98686 matchings.
iteration 14 ended after 0.00561331 seconds with 98687 matchings.
Algorithm ended after: 15 iterations. 
Elapsed time: 0.599214 seconds. 
Total augmentations: 15
Total matchings: 98687 matchings.
Total augmenting paths: 98687
Maximum size augmenting path: 34
BFS calls: 16
BFS operations: 0
DFS calls: 145759
DFS operations: 181272
@
@
@
Algorithm: Hopcroft-Karp
Running with seed: 1234
Total Vertices: 200000
Total Edges: 12800000.00000
Density: 0.00032
Running Hocroft-Karp
iteration 0 ended after 0.0856878 seconds with 84811 matchings.
iteration 1 ended after 0.0467269 seconds with 93157 matchings.
iteration 2 ended after 0.0406876 seconds with 95838 matchings.
iteration 3 ended after 0.0401029 seconds with 97050 matchings.
iteration 4 ended after 0.0413571 seconds with 97755 matchings.
iteration 5 ended after 0.0351123 seconds with 98140 matchings.
iteration 6 ended after 0.037945 seconds with 98379 matchings.
iteration 7 ended after 0.0382927 seconds with 98516 matchings.
iteration 8 ended after 0.0388416 seconds with 98592 matchings.
iteration 9 ended after 0.0412707 seconds with 98647 matchings.
iteration 10 ended after 0.0401525 seconds with 98676 matchings.
iteration 11 ended after 0.0463426 seconds with 98686 matchings.
iteration 12 ended after 0.0449049 seconds with 98698 matchings.
iteration 13 ended after 0.0414023 seconds with 98703 matchings.
iteration 14 ended after 0.0327277 seconds with 98705 matchings.
Algorithm ended after: 15 iterations. 
Elapsed time: 0.65933 seconds. 
Total augmentations: 15
Total matchings: 98705 matchings.
Total augmenting paths: 98705
Maximum size augmenting path: 30
BFS calls: 16
BFS operations: 0
DFS calls: 145647
DFS operations: 180564
@
@
@
Algorithm: Hopcroft-Karp
Running with seed: 12345
Total Vertices: 200000
Total Edges: 12800000.00000
Density: 0.00032
Running Hocroft-Karp
iteration 0 ended after 0.0849346 seconds with 84724 matchings.
iteration 1 ended after 0.0478868 seconds with 93098 matchings.
iteration 2 ended after 0.036311 seconds with 95821 matchings.
iteration 3 ended after 0.0338123 seconds with 97096 matchings.
iteration 4 ended after 0.034075 seconds with 97781 matchings.
iteration 5 ended after 0.0388407 seconds with 98177 matchings.
iteration 6 ended after 0.0474217 seconds with 98390 matchings.
iteration 7 ended after 0.0441274 seconds with 98533 matchings.
iteration 8 ended after 0.0392074 seconds with 98611 matchings.
iteration 9 ended after 0.041708 seconds with 98652 matchings.
iteration 10 ended after 0.041482 seconds with 98677 matchings.
iteration 11 ended after 0.0421975 seconds with 98694 matchings.
iteration 12 ended after 0.0420494 seconds with 98705 matchings.
iteration 13 ended after 0.0416959 seconds with 98707 matchings.
iteration 14 ended after 0.0421492 seconds with 98711 matchings.
Algorithm ended after: 15 iterations. 
Elapsed time: 0.708961 seconds. 
Total augmentations: 15
Total matchings: 98711 matchings.
Total augmenting paths: 98711
Maximum size augmenting path: 30
BFS calls: 16
BFS operations: 0
DFS calls: 145623
DFS operations: 180232
@
@
@
Algorithm: Hopcroft-Karp
Running with seed: 123456
Total Vertices: 200000
Total Edges: 12800000.00000
Density: 0.00032
Running Hocroft-Karp
iteration 0 ended after 0.086073 seconds with 84892 matchings.
iteration 1 ended after 0.0466126 seconds with 93205 matchings.
iteration 2 ended after 0.035367 seconds with 95875 matchings.
iteration 3 ended after 0.0384763 seconds with 97155 matchings.
iteration 4 ended after 0.0438176 seconds with 97856 matchings.
iteration 5 ended after 0.0384849 seconds with 98199 matchings.
iteration 6 ended after 0.0369223 seconds with 98421 matchings.
iteration 7 ended after 0.0396973 seconds with 98557 matchings.
iteration 8 ended after 0.0430145 seconds with 98631 matchings.
iteration 9 ended after 0.0440303 seconds with 98676 matchings.
iteration 10 ended after 0.0461048 seconds with 98708 matchings.
iteration 11 ended after 0.0459678 seconds with 98723 matchings.
iteration 12 ended after 0.038679 seconds with 98732 matchings.
iteration 13 ended after 0.0392228 seconds with 98736 matchings.
Algorithm ended after: 14 iterations. 
Elapsed time: 0.629609 seconds. 
Total augmentations: 14
Total matchings: 98736 matchings.
Total augmenting paths: 98736
Maximum size augmenting path: 28
BFS calls: 15
BFS operations: 0
DFS calls: 143634
DFS operations: 178734
@
@
@
Algorithm: Hopcroft-Karp
Running with seed: 1
Total Vertices: 200000
Total Edges: 25600000.00000
Density: 0.00064
Running Hocroft-Karp
iteration 0 ended after 0.125616 seconds with 92313 matchings.
iteration 1 ended after 0.0644108 seconds with 98541 matchings.
iteration 2 ended after 0.0476082 seconds with 99671 matchings.
iteration 3 ended after 0.0453826 seconds with 99905 matchings.
iteration 4 ended after 0.0497902 seconds with 99966 matchings.
iteration 5 ended after 0.0552032 seconds with 99978 matchings.
iteration 6 ended after 0.0668882 seconds with 99980 matchings.
Algorithm ended after: 7 iterations. 
Elapsed time: 0.528114 seconds. 
Total augmentations: 7
Total matchings: 99980 matchings.
Total augmenting paths: 99980
Maximum size augmenting path: 14
BFS calls: 8
BFS operations: 0
DFS calls: 109646
DFS operations: 126639
@
@
@
Algorithm: Hopcroft-Karp
Running with seed: 100
Total Vertices: 200000
Total Edges: 25600000.00000
Density: 0.00064
Running Hocroft-Karp
iteration 0 ended after 0.130245 seconds with 92359 matchings.
iteration 1 ended after 0.0691583 seconds with 98584 matchings.
iteration 2 ended after 0.0486075 seconds with 99664 matchings.
iteration 3 ended after 0.0566655 seconds with 99923 matchings.
iteration 4 ended after 0.0440217 seconds with 99967 matchings.
iteration 5 ended after 0.0496074 seconds with 99985 matchings.
iteration 6 ended after 0.0347955 seconds with 99988 matchings.
Algorithm ended after: 7 iterations. 
Elapsed time: 0.436759 seconds. 
Total augmentations: 7
Total matchings: 99988 matchings.
Total augmenting paths: 99988
Maximum size augmenting path: 14
BFS calls: 8
BFS operations: 0
DFS calls: 109530
DFS operations: 126743
@
@
@
Algorithm: Hopcroft-Karp
Running with seed: 1000
Total Vertices: 200000
Total Edges: 25600000.00000
Density: 0.00064
Running Hocroft-Karp
iteration 0 ended after 0.124084 seconds with 92391 matchings.
iteration 1 ended after 0.0640594 seconds with 98563 matchings.
iteration 2 ended after 0.0472666 seconds with 99677 matchings.
iteration 3 ended after 0.0418317 seconds with 99910 matchings.
iteration 4 ended after 0.0434239 seconds with 99966 matchings.
iteration 5 ended after 0.0642854 seconds with 99979 matchings.
iteration 6 ended after 0.0643299 seconds with 99982 matchings.
iteration 7 ended after 0.0503091 seconds with 99983 matchings.
Algorithm ended after: 8 iterations. 
Elapsed time: 0.503601 seconds. 
Total augmentations: 8
Total matchings: 99983 matchings.
Total augmenting paths: 99983
Maximum size augmenting path: 16
BFS calls: 9
BFS operations: 0
DFS calls: 109549
DFS operations: 126807
@
@
@
Algorithm: Hopcroft-Karp
Running with seed: 2
Total Vertices: 200000
Total Edges: 25600000.00000
Density: 0.00064
Running Hocroft-Karp
iteration 0 ended after 0.124987 seconds with 92281 matchings.
iteration 1 ended after 0.0647109 seconds with 98514 matchings.
iteration 2 ended after 0.0474401 seconds with 99658 matchings.
iteration 3 ended after 0.0446506 seconds with 99918 matchings.
iteration 4 ended after 0.0455401 seconds with 99962 matchings.
iteration 5 ended after 0.0495088 seconds with 99979 matchings.
iteration 6 ended after 0.0589771 seconds with 99983 matchings.
Algorithm ended after: 7 iterations. 
Elapsed time: 0.551996 seconds. 
Total augmentations: 7
Total matchings: 99983 matchings.
Total augmenting paths: 99983
Maximum size augmenting path: 14
BFS calls: 8
BFS operations: 0
DFS calls: 109705
DFS operations: 127254
@
@
@
Algorithm: Hopcroft-Karp
Running with seed: 200
Total Vertices: 200000
Total Edges: 25600000.00000
Density: 0.00064
Running Hocroft-Karp
iteration 0 ended after 0.128291 seconds with 92373 matchings.
iteration 1 ended after 0.0693977 seconds with 98549 matchings.
iteration 2 ended after 0.0491159 seconds with 99662 matchings.
iteration 3 ended after 0.0493813 seconds with 99912 matchings.
iteration 4 ended after 0.043283 seconds with 99967 matchings.
iteration 5 ended after 0.0493796 seconds with 99981 matchings.
iteration 6 ended after 0.0583029 seconds with 99983 matchings.
iteration 7 ended after 0.0627176 seconds with 99984 matchings.
Algorithm ended after: 8 iterations. 
Elapsed time: 0.576795 seconds. 
Total augmentations: 8
Total matchings: 99984 matchings.
Total augmenting paths: 99984
Maximum size augmenting path: 16
BFS calls: 9
BFS operations: 0
DFS calls: 109589
DFS operations: 127094
@
@
@
Algorithm: Hopcroft-Karp
Running with seed: 2000
Total Vertices: 200000
Total Edges: 25600000.00000
Density: 0.00064
Running Hocroft-Karp
iteration 0 ended after 0.142553 seconds with 92273 matchings.
iteration 1 ended after 0.0888713 seconds with 98551 matchings.
iteration 2 ended after 0.0656678 seconds with 99665 matchings.
iteration 3 ended after 0.0553999 seconds with 99907 matchings.
iteration 4 ended after 0.0555702 seconds with 99969 matchings.
iteration 5 ended after 0.0479848 seconds with 99978 matchings.
iteration 6 ended after 0.0516546 seconds with 99984 matchings.
Algorithm ended after: 7 iterations. 
Elapsed time: 0.511783 seconds. 
Total augmentations: 7
Total matchings: 99984 matchings.
Total augmenting paths: 99984
Maximum size augmenting path: 14
BFS calls: 8
BFS operations: 0
DFS calls: 109673
DFS operations: 127128
@
@
@
Algorithm: Hopcroft-Karp
Running with seed: 123
Total Vertices: 200000
Total Edges: 25600000.00000
Density: 0.00064
Running Hocroft-Karp
iteration 0 ended after 0.125627 seconds with 92366 matchings.
iteration 1 ended after 0.0634876 seconds with 98566 matchings.
iteration 2 ended after 0.0467313 seconds with 99687 matchings.
iteration 3 ended after 0.0503139 seconds with 99907 matchings.
iteration 4 ended after 0.0502075 seconds with 99971 matchings.
iteration 5 ended after 0.0534386 seconds with 99984 matchings.
iteration 6 ended after 0.0602257 seconds with 99989 matchings.
Algorithm ended after: 7 iterations. 
Elapsed time: 0.51569 seconds. 
Total augmentations: 7
Total matchings: 99989 matchings.
Total augmenting paths: 99989
Maximum size augmenting path: 14
BFS calls: 8
BFS operations: 0
DFS calls: 109530
DFS operations: 126614
@
@
@
Algorithm: Hopcroft-Karp
Running with seed: 1234
Total Vertices: 200000
Total Edges: 25600000.00000
Density: 0.00064
Running Hocroft-Karp
iteration 0 ended after 0.144912 seconds with 92346 matchings.
iteration 1 ended after 0.0800681 seconds with 98564 matchings.
iteration 2 ended after 0.0546843 seconds with 99689 matchings.
iteration 3 ended after 0.0471147 seconds with 99913 matchings.
iteration 4 ended after 0.0445701 seconds with 99970 matchings.
iteration 5 ended after 0.0427521 seconds with 99982 matchings.
iteration 6 ended after 0.0569155 seconds with 99985 matchings.
iteration 7 ended after 0.0601138 seconds with 99987 matchings.
iteration 8 ended after 0.0545229 seconds with 99988 matchings.
Algorithm ended after: 9 iterations. 
Elapsed time: 0.590196 seconds. 
Total augmentations: 9
Total matchings: 99988 matchings.
Total augmenting paths: 99988
Maximum size augmenting path: 18
BFS calls: 10
BFS operations: 0
DFS calls: 109576
DFS operations: 126915
@
@
@
Algorithm: Hopcroft-Karp
Running with seed: 12345
Total Vertices: 200000
Total Edges: 25600000.00000
Density: 0.00064
Running Hocroft-Karp
iteration 0 ended after 0.124828 seconds with 92326 matchings.
iteration 1 ended after 0.0648159 seconds with 98568 matchings.
iteration 2 ended after 0.0491637 seconds with 99661 matchings.
iteration 3 ended after 0.0448779 seconds with 99904 matchings.
iteration 4 ended after 0.0454891 seconds with 99972 matchings.
iteration 5 ended after 0.0478986 seconds with 99983 matchings.
iteration 6 ended after 0.0542974 seconds with 99987 matchings.
iteration 7 ended after 0.0619879 seconds with 99989 matchings.
iteration 8 ended after 0.0631484 seconds with 99990 matchings.
Algorithm ended after: 9 iterations. 
Elapsed time: 0.621291 seconds. 
Total augmentations: 9
Total matchings: 99990 matchings.
Total augmenting paths: 99990
Maximum size augmenting path: 18
BFS calls: 10
BFS operations: 0
DFS calls: 109620
DFS operations: 126891
@
@
@
Algorithm: Hopcroft-Karp
Running with seed: 123456
Total Vertices: 200000
Total Edges: 25600000.00000
Density: 0.00064
Running Hocroft-Karp
iteration 0 ended after 0.125047 seconds with 92255 matchings.
iteration 1 ended after 0.0706517 seconds with 98559 matchings.
iteration 2 ended after 0.0476517 seconds with 99657 matchings.
iteration 3 ended after 0.0445585 seconds with 99903 matchings.
iteration 4 ended after 0.0469157 seconds with 99969 matchings.
iteration 5 ended after 0.0487543 seconds with 99980 matchings.
iteration 6 ended after 0.0576003 seconds with 99986 matchings.
iteration 7 ended after 0.0542713 seconds with 99987 matchings.
iteration 8 ended after 0.0627673 seconds with 99988 matchings.
Algorithm ended after: 9 iterations. 
Elapsed time: 0.562465 seconds. 
Total augmentations: 9
Total matchings: 99988 matchings.
Total augmenting paths: 99988
Maximum size augmenting path: 18
BFS calls: 10
BFS operations: 0
DFS calls: 109716
DFS operations: 127048
@
@
@
Algorithm: Hopcroft-Karp
Running with seed: 1
Total Vertices: 200000
Total Edges: 51200000.00000
Density: 0.00128
Running Hocroft-Karp
iteration 0 ended after 0.229582 seconds with 96225 matchings.
iteration 1 ended after 0.0949852 seconds with 99704 matchings.
iteration 2 ended after 0.0679611 seconds with 99978 matchings.
iteration 3 ended after 0.0595049 seconds with 99998 matchings.
iteration 4 ended after 0.0605167 seconds with 100000 matchings.
Algorithm ended after: 5 iterations. 
Elapsed time: 0.51555 seconds. 
Total augmentations: 5
Total matchings: 100000 matchings.
Total augmenting paths: 100000
Maximum size augmenting path: 10
BFS calls: 6
BFS operations: 0
DFS calls: 104095
DFS operations: 113764
@
@
@
Algorithm: Hopcroft-Karp
Running with seed: 100
Total Vertices: 200000
Total Edges: 51200000.00000
Density: 0.00128
Running Hocroft-Karp
iteration 0 ended after 0.229901 seconds with 96147 matchings.
iteration 1 ended after 0.0988866 seconds with 99718 matchings.
iteration 2 ended after 0.0562221 seconds with 99977 matchings.
iteration 3 ended after 0.0598648 seconds with 99996 matchings.
iteration 4 ended after 0.0733189 seconds with 100000 matchings.
Algorithm ended after: 5 iterations. 
Elapsed time: 0.521229 seconds. 
Total augmentations: 5
Total matchings: 100000 matchings.
Total augmenting paths: 100000
Maximum size augmenting path: 10
BFS calls: 6
BFS operations: 0
DFS calls: 104162
DFS operations: 113774
@
@
@
Algorithm: Hopcroft-Karp
Running with seed: 1000
Total Vertices: 200000
Total Edges: 51200000.00000
Density: 0.00128
Running Hocroft-Karp
iteration 0 ended after 0.218633 seconds with 96153 matchings.
iteration 1 ended after 0.0867442 seconds with 99716 matchings.
iteration 2 ended after 0.0559131 seconds with 99976 matchings.
iteration 3 ended after 0.0576104 seconds with 99998 matchings.
iteration 4 ended after 0.0588292 seconds with 100000 matchings.
Algorithm ended after: 5 iterations. 
Elapsed time: 0.480522 seconds. 
Total augmentations: 5
Total matchings: 100000 matchings.
Total augmenting paths: 100000
Maximum size augmenting path: 10
BFS calls: 6
BFS operations: 0
DFS calls: 104157
DFS operations: 113810
@
@
@
Algorithm: Hopcroft-Karp
Running with seed: 2
Total Vertices: 200000
Total Edges: 51200000.00000
Density: 0.00128
Running Hocroft-Karp
iteration 0 ended after 0.240912 seconds with 96162 matchings.
iteration 1 ended after 0.120228 seconds with 99726 matchings.
iteration 2 ended after 0.0741525 seconds with 99982 matchings.
iteration 3 ended after 0.0656597 seconds with 99999 matchings.
iteration 4 ended after 0.0762053 seconds with 100000 matchings.
Algorithm ended after: 5 iterations. 
Elapsed time: 0.580405 seconds. 
Total augmentations: 5
Total matchings: 100000 matchings.
Total augmenting paths: 100000
Maximum size augmenting path: 10
BFS calls: 6
BFS operations: 0
DFS calls: 104131
DFS operations: 113599
@
@
@
Algorithm: Hopcroft-Karp
Running with seed: 200
Total Vertices: 200000
Total Edges: 51200000.00000
Density: 0.00128
Running Hocroft-Karp
iteration 0 ended after 0.251726 seconds with 96150 matchings.
iteration 1 ended after 0.0877904 seconds with 99709 matchings.
iteration 2 ended after 0.0572062 seconds with 99977 matchings.
iteration 3 ended after 0.0549776 seconds with 99998 matchings.
iteration 4 ended after 0.0486651 seconds with 100000 matchings.
Algorithm ended after: 5 iterations. 
Elapsed time: 0.503324 seconds. 
Total augmentations: 5
Total matchings: 100000 matchings.
Total augmenting paths: 100000
Maximum size augmenting path: 10
BFS calls: 6
BFS operations: 0
DFS calls: 104166
DFS operations: 113931
@
@
@
Algorithm: Hopcroft-Karp
Running with seed: 2000
Total Vertices: 200000
Total Edges: 51200000.00000
Density: 0.00128
Running Hocroft-Karp
iteration 0 ended after 0.224143 seconds with 96149 matchings.
iteration 1 ended after 0.0871447 seconds with 99738 matchings.
iteration 2 ended after 0.0550024 seconds with 99983 matchings.
iteration 3 ended after 0.0512123 seconds with 100000 matchings.
Algorithm ended after: 4 iterations. 
Elapsed time: 0.420001 seconds. 
Total augmentations: 4
Total matchings: 100000 matchings.
Total augmenting paths: 100000
Maximum size augmenting path: 8
BFS calls: 5
BFS operations: 0
DFS calls: 104130
DFS operations: 113700
@
@
@
Algorithm: Hopcroft-Karp
Running with seed: 123
Total Vertices: 200000
Total Edges: 51200000.00000
Density: 0.00128
Running Hocroft-Karp
iteration 0 ended after 0.24377 seconds with 96132 matchings.
iteration 1 ended after 0.0892668 seconds with 99703 matchings.
iteration 2 ended after 0.0686743 seconds with 99976 matchings.
iteration 3 ended after 0.0589287 seconds with 99999 matchings.
iteration 4 ended after 0.0482553 seconds with 100000 matchings.
Algorithm ended after: 5 iterations. 
Elapsed time: 0.511885 seconds. 
Total augmentations: 5
Total matchings: 100000 matchings.
Total augmenting paths: 100000
Maximum size augmenting path: 10
BFS calls: 6
BFS operations: 0
DFS calls: 104190
DFS operations: 114004
@
@
@
Algorithm: Hopcroft-Karp
Running with seed: 1234
Total Vertices: 200000
Total Edges: 51200000.00000
Density: 0.00128
Running Hocroft-Karp
iteration 0 ended after 0.226539 seconds with 96191 matchings.
iteration 1 ended after 0.0914968 seconds with 99705 matchings.
iteration 2 ended after 0.0761407 seconds with 99976 matchings.
iteration 3 ended after 0.0633806 seconds with 99997 matchings.
iteration 4 ended after 0.066287 seconds with 100000 matchings.
Algorithm ended after: 5 iterations. 
Elapsed time: 0.526827 seconds. 
Total augmentations: 5
Total matchings: 100000 matchings.
Total augmenting paths: 100000
Maximum size augmenting path: 10
BFS calls: 6
BFS operations: 0
DFS calls: 104131
DFS operations: 113914
@
@
@
Algorithm: Hopcroft-Karp
Running with seed: 12345
Total Vertices: 200000
Total Edges: 51200000.00000
Density: 0.00128
Running Hocroft-Karp
iteration 0 ended after 0.221593 seconds with 96171 matchings.
iteration 1 ended after 0.0847131 seconds with 99714 matchings.
iteration 2 ended after 0.0576175 seconds with 99983 matchings.
iteration 3 ended after 0.0465543 seconds with 99999 matchings.
iteration 4 ended after 0.0424264 seconds with 100000 matchings.
Algorithm ended after: 5 iterations. 
Elapsed time: 0.455684 seconds. 
Total augmentations: 5
Total matchings: 100000 matchings.
Total augmenting paths: 100000
Maximum size augmenting path: 10
BFS calls: 6
BFS operations: 0
DFS calls: 104133
DFS operations: 113591
@
@
@
Algorithm: Hopcroft-Karp
Running with seed: 123456
Total Vertices: 200000
Total Edges: 51200000.00000
Density: 0.00128
Running Hocroft-Karp
iteration 0 ended after 0.236852 seconds with 96125 matchings.
iteration 1 ended after 0.0909531 seconds with 99714 matchings.
iteration 2 ended after 0.0628729 seconds with 99976 matchings.
iteration 3 ended after 0.0612955 seconds with 99998 matchings.
iteration 4 ended after 0.0585395 seconds with 100000 matchings.
Algorithm ended after: 5 iterations. 
Elapsed time: 0.513456 seconds. 
Total augmentations: 5
Total matchings: 100000 matchings.
Total augmenting paths: 100000
Maximum size augmenting path: 10
BFS calls: 6
BFS operations: 0
DFS calls: 104187
DFS operations: 114120
